<?xml version="1.0" encoding="UTF-8"?>
<!-- Generated by org.testng.reporters.JUnitXMLReporter -->
<testsuite ignored="0" hostname="KRISSELL01" failures="4" tests="7" name="Command line test" time="6.815" errors="0" timestamp="24 Oct 2023 13:32:26 GMT">
  <testcase classname="com.sdet.labs.Restful_Web_Services_Test" name="DeleteRequestTest" time="2.017">
    <failure type="java.lang.AssertionError" message="expected [200] but found [403]">
      <![CDATA[java.lang.AssertionError: expected [200] but found [403]
at com.sdet.labs.Restful_Web_Services_Test.DeleteRequestTest(Restful_Web_Services_Test.java:16)
... Removed 41 stack frames]]>
    </failure>
  </testcase> <!-- DeleteRequestTest -->
  <testcase classname="com.sdet.labs.Restful_Web_Services_Test" name="GetRequestTest" time="0.659"/>
  <testcase classname="com.sdet.labs.Restful_Web_Services_Test" name="PatchRequestTest" time="0.513">
    <failure type="java.lang.AssertionError" message="expected [200] but found [403]">
      <![CDATA[java.lang.AssertionError: expected [200] but found [403]
at com.sdet.labs.Restful_Web_Services_Test.PatchRequestTest(Restful_Web_Services_Test.java:26)
... Removed 41 stack frames]]>
    </failure>
  </testcase> <!-- PatchRequestTest -->
  <testcase classname="com.sdet.labs.Restful_Web_Services_Test" name="PostRequestTest" time="1.004">
    <failure type="java.lang.AssertionError" message="expected [201] but found [403]">
      <![CDATA[java.lang.AssertionError: expected [201] but found [403]
at com.sdet.labs.Restful_Web_Services_Test.PostRequestTest(Restful_Web_Services_Test.java:31)
... Removed 41 stack frames]]>
    </failure>
  </testcase> <!-- PostRequestTest -->
  <testcase classname="com.sdet.labs.Restful_Web_Services_Test" name="PutRequestTest" time="0.906">
    <failure type="java.lang.AssertionError" message="expected [200] but found [403]">
      <![CDATA[java.lang.AssertionError: expected [200] but found [403]
at com.sdet.labs.Restful_Web_Services_Test.PutRequestTest(Restful_Web_Services_Test.java:36)
... Removed 41 stack frames]]>
    </failure>
  </testcase> <!-- PutRequestTest -->
  <testcase classname="com.sdet.labs.Soap_Web_Services_Test" name="GetRequestTest" time="0.736"/>
  <testcase classname="com.sdet.labs.Soap_Web_Services_Test" name="PostRequestTest" time="0.677"/>
</testsuite> <!-- Command line test -->
